./build_layout.bash 818db68387a9f1fb29bc3cf822f98ad9 MDErgo1 "MDErgo1-Default-0.kll" "MDErgo1-Default-1.kll" "MDErgo1-Default-2.kll" "MDErgo1-Default-3.kll"  2>&1
/srv/KiiConf/tmp/818db68387a9f1fb29bc3cf822f98ad9
/srv/KiiConf/tmp/818db68387a9f1fb29bc3cf822f98ad9
+ mkdir -p left
+ mkdir -p right
+ cd left
+ cp ../MDErgo1-Default-0.kll ../MDErgo1-Default-1.kll ../MDErgo1-Default-2.kll ../MDErgo1-Default-3.kll .
+ cd right
+ cp ../MDErgo1-Default-0.kll ../MDErgo1-Default-1.kll ../MDErgo1-Default-2.kll ../MDErgo1-Default-3.kll .
+ cmake /srv/KiiConf/controller -DScanModule=MDErgo1 -DCHIP=mk20dx256vlh7 '-DBaseMap=defaultMap leftHand slave1 rightHand' -DMacroModule=PartialMap -DOutputModule=pjrcUSB -DDebugModule=full '-DDefaultMap=MDErgo1-Default-0 lcdFuncMap' '-DPartialMaps=MDErgo1-Default-1 lcdFuncMap;MDErgo1-Default-2 lcdFuncMap;MDErgo1-Default-3 lcdFuncMap'
+ cmake /srv/KiiConf/controller -DScanModule=MDErgo1 -DCHIP=mk20dx256vlh7 '-DBaseMap=defaultMap rightHand slave1 leftHand' -DMacroModule=PartialMap -DOutputModule=pjrcUSB -DDebugModule=full '-DDefaultMap=MDErgo1-Default-0 lcdFuncMap' '-DPartialMaps=MDErgo1-Default-1 lcdFuncMap;MDErgo1-Default-2 lcdFuncMap;MDErgo1-Default-3 lcdFuncMap'
-- Compiler Family:
arm
-- Compiler Family:
arm
-- Compiler Selected:
-- Compiler Selected:
gcc
-- Chip Selected:
mk20dx256vlh7
gcc
-- Chip Family:
mk20dx
-- CPU Selected:
cortex-m4
-- Compiler Source Files:
Lib/mk20dx.c;Lib/delay.c
-- Bootloader Type:
-- Chip Selected:
dfumk20dx256vlh7

-- Chip Family:
mk20dx
-- CPU Selected:
cortex-m4
-- Compiler Source Files:
Lib/mk20dx.c;Lib/delay.c
-- Bootloader Type:
dfu
-- Detected Scan Module Source Files:
Scan/ISSILed/led_scan.c;Scan/MatrixARM/matrix_scan.c;Scan/STLcd/lcd_scan.c;Scan/UARTConnect/connect_scan.c;Scan/MDErgo1/scan_loop.c
-- Detected Macro Module Source Files:
Macro/PartialMap/macro.c
-- Detected Scan Module Source Files:
Scan/ISSILed/led_scan.c;Scan/MatrixARM/matrix_scan.c;Scan/STLcd/lcd_scan.c;Scan/UARTConnect/connect_scan.c;Scan/MDErgo1/scan_loop.c
-- Detected Output Module Source Files:
Output/pjrcUSB/output_com.c;Output/pjrcUSB/arm/usb_desc.c;Output/pjrcUSB/arm/usb_dev.c;Output/pjrcUSB/arm/usb_joystick.c;Output/pjrcUSB/arm/usb_keyboard.c;Output/pjrcUSB/arm/usb_mem.c;Output/pjrcUSB/arm/usb_mouse.c;Output/pjrcUSB/arm/usb_serial.c
-- Detected Macro Module Source Files:
Macro/PartialMap/macro.c
-- Detected Output Module Source Files:
Output/pjrcUSB/output_com.c;Output/pjrcUSB/arm/usb_desc.c;Output/pjrcUSB/arm/usb_dev.c;Output/pjrcUSB/arm/usb_joystick.c;Output/pjrcUSB/arm/usb_keyboard.c;Output/pjrcUSB/arm/usb_mem.c;Output/pjrcUSB/arm/usb_mouse.c;Output/pjrcUSB/arm/usb_serial.c
-- Detected Debug Module Source Files:
Debug/cli/cli.c;Debug/led/led.c;Debug/print/print.c
-- Detected Debug Module Source Files:
Debug/cli/cli.c;Debug/led/led.c;Debug/print/print.c
-- Found Git: /usr/bin/git (found version "1.9.1") 
-- Found Git: /usr/bin/git (found version "1.9.1") 
-- Found Ctags: /usr/bin/ctags (found version "5.9~svn20110310") 
-- Found Ctags: /usr/bin/ctags (found version "5.9~svn20110310") 
ctags: cannot open tag file : Permission denied
ctags: cannot open tag file : Permission denied
-- Detected Layout Files:
/srv/KiiConf/controller/Scan/ISSILed/capabilities.kll
/srv/KiiConf/controller/Scan/MatrixARM/capabilities.kll
/srv/KiiConf/controller/Scan/STLcd/capabilities.kll
/srv/KiiConf/controller/Scan/UARTConnect/capabilities.kll
/srv/KiiConf/controller/Macro/PartialMap/capabilities.kll
/srv/KiiConf/controller/Output/pjrcUSB/capabilities.kll
/srv/KiiConf/controller/Scan/MDErgo1/defaultMap.kll
/srv/KiiConf/controller/Scan/MDErgo1/rightHand.kll
/srv/KiiConf/controller/Scan/MDErgo1/slave1.kll
/srv/KiiConf/controller/Scan/MDErgo1/leftHand.kll
/srv/KiiConf/tmp/818db68387a9f1fb29bc3cf822f98ad9/right/MDErgo1-Default-0.kll
/srv/KiiConf/controller/kll/layouts/lcdFuncMap.kll
/srv/KiiConf/tmp/818db68387a9f1fb29bc3cf822f98ad9/right/MDErgo1-Default-1.kll
/srv/KiiConf/controller/kll/layouts/lcdFuncMap.kll
/srv/KiiConf/tmp/818db68387a9f1fb29bc3cf822f98ad9/right/MDErgo1-Default-2.kll
/srv/KiiConf/controller/kll/layouts/lcdFuncMap.kll
/srv/KiiConf/tmp/818db68387a9f1fb29bc3cf822f98ad9/right/MDErgo1-Default-3.kll
/srv/KiiConf/controller/kll/layouts/lcdFuncMap.kll
-- Detected Layout Files:
/srv/KiiConf/controller/Scan/ISSILed/capabilities.kll
/srv/KiiConf/controller/Scan/MatrixARM/capabilities.kll
/srv/KiiConf/controller/Scan/STLcd/capabilities.kll
/srv/KiiConf/controller/Scan/UARTConnect/capabilities.kll
/srv/KiiConf/controller/Macro/PartialMap/capabilities.kll
/srv/KiiConf/controller/Output/pjrcUSB/capabilities.kll
/srv/KiiConf/controller/Scan/MDErgo1/defaultMap.kll
/srv/KiiConf/controller/Scan/MDErgo1/leftHand.kll
/srv/KiiConf/controller/Scan/MDErgo1/slave1.kll
/srv/KiiConf/controller/Scan/MDErgo1/rightHand.kll
/srv/KiiConf/tmp/818db68387a9f1fb29bc3cf822f98ad9/left/MDErgo1-Default-0.kll
/srv/KiiConf/controller/kll/layouts/lcdFuncMap.kll
/srv/KiiConf/tmp/818db68387a9f1fb29bc3cf822f98ad9/left/MDErgo1-Default-1.kll
/srv/KiiConf/controller/kll/layouts/lcdFuncMap.kll
/srv/KiiConf/tmp/818db68387a9f1fb29bc3cf822f98ad9/left/MDErgo1-Default-2.kll
/srv/KiiConf/controller/kll/layouts/lcdFuncMap.kll
/srv/KiiConf/tmp/818db68387a9f1fb29bc3cf822f98ad9/left/MDErgo1-Default-3.kll
/srv/KiiConf/controller/kll/layouts/lcdFuncMap.kll
-- Found DFU_SUFFIX: /usr/local/bin/dfu-suffix (found version "0.8") 
-- Found DFU_SUFFIX: /usr/local/bin/dfu-suffix (found version "0.8") 
-- Configuring done
-- Configuring done
-- Generating done
-- Build files have been written to: /srv/KiiConf/tmp/818db68387a9f1fb29bc3cf822f98ad9/right
-- Generating done
-- Build files have been written to: /srv/KiiConf/tmp/818db68387a9f1fb29bc3cf822f98ad9/left
+ make -j
+ make -j
[  4%] [  4%] Generating KLL Layout
Generating KLL Layout
Scanning dependencies of target kiibohd.elf
[  9%] [ 13%] [ 22%] [ 22%] [ 27%] [ 31%] Building C object CMakeFiles/kiibohd.elf.dir/Lib/delay.c.o
[ 36%] Building C object CMakeFiles/kiibohd.elf.dir/main.c.o
Building C object CMakeFiles/kiibohd.elf.dir/Scan/ISSILed/led_scan.c.o
[ 40%] [ 45%] [ 50%] Scanning dependencies of target kiibohd.elf
Building C object CMakeFiles/kiibohd.elf.dir/Lib/mk20dx.c.o
Building C object CMakeFiles/kiibohd.elf.dir/Scan/MDErgo1/scan_loop.c.o
[ 54%] Building C object CMakeFiles/kiibohd.elf.dir/Scan/UARTConnect/connect_scan.c.o
Building C object CMakeFiles/kiibohd.elf.dir/Scan/MatrixARM/matrix_scan.c.o
Building C object CMakeFiles/kiibohd.elf.dir/Scan/STLcd/lcd_scan.c.o
[ 59%] Building C object CMakeFiles/kiibohd.elf.dir/Macro/PartialMap/macro.c.o
[  9%] [ 13%] [ 63%] Building C object CMakeFiles/kiibohd.elf.dir/Output/pjrcUSB/output_com.c.o
[ 68%] Building C object CMakeFiles/kiibohd.elf.dir/Output/pjrcUSB/arm/usb_desc.c.o
Building C object CMakeFiles/kiibohd.elf.dir/Output/pjrcUSB/arm/usb_dev.c.o
[ 18%] Building C object CMakeFiles/kiibohd.elf.dir/Output/pjrcUSB/arm/usb_joystick.c.o
Building C object CMakeFiles/kiibohd.elf.dir/main.c.o
[ 22%] [ 27%] Building C object CMakeFiles/kiibohd.elf.dir/Lib/mk20dx.c.o
Building C object CMakeFiles/kiibohd.elf.dir/Output/pjrcUSB/arm/usb_keyboard.c.o
[ 72%] Building C object CMakeFiles/kiibohd.elf.dir/Lib/delay.c.o
[ 77%] Building C object CMakeFiles/kiibohd.elf.dir/Scan/ISSILed/led_scan.c.o
[ 81%] Building C object CMakeFiles/kiibohd.elf.dir/Output/pjrcUSB/arm/usb_mem.c.o
Building C object CMakeFiles/kiibohd.elf.dir/Scan/MatrixARM/matrix_scan.c.o
Building C object CMakeFiles/kiibohd.elf.dir/Output/pjrcUSB/arm/usb_mouse.c.o
[ 31%] Building C object CMakeFiles/kiibohd.elf.dir/Output/pjrcUSB/arm/usb_serial.c.o
[ 86%] [ 36%] Building C object CMakeFiles/kiibohd.elf.dir/Scan/STLcd/lcd_scan.c.o
Building C object CMakeFiles/kiibohd.elf.dir/Debug/cli/cli.c.o
[ 90%] Building C object CMakeFiles/kiibohd.elf.dir/Scan/UARTConnect/connect_scan.c.o
[ 95%] [ 40%] [ 45%] Building C object CMakeFiles/kiibohd.elf.dir/Debug/led/led.c.o
Building C object CMakeFiles/kiibohd.elf.dir/Debug/print/print.c.o
Building C object CMakeFiles/kiibohd.elf.dir/Scan/MDErgo1/scan_loop.c.o
[ 50%] [ 54%] Building C object CMakeFiles/kiibohd.elf.dir/Macro/PartialMap/macro.c.o
Building C object CMakeFiles/kiibohd.elf.dir/Output/pjrcUSB/output_com.c.o
[ 59%] Building C object CMakeFiles/kiibohd.elf.dir/Output/pjrcUSB/arm/usb_desc.c.o
[ 63%] Building C object CMakeFiles/kiibohd.elf.dir/Output/pjrcUSB/arm/usb_dev.c.o
[ 68%] [ 72%] Building C object CMakeFiles/kiibohd.elf.dir/Output/pjrcUSB/arm/usb_joystick.c.o
Building C object CMakeFiles/kiibohd.elf.dir/Output/pjrcUSB/arm/usb_keyboard.c.o
Building C object CMakeFiles/kiibohd.elf.dir/Output/pjrcUSB/arm/usb_mem.c.o
[ 77%] [ 81%] [ 86%] Building C object CMakeFiles/kiibohd.elf.dir/Output/pjrcUSB/arm/usb_mouse.c.o
Building C object CMakeFiles/kiibohd.elf.dir/Output/pjrcUSB/arm/usb_serial.c.o
[ 90%] Building C object CMakeFiles/kiibohd.elf.dir/Debug/cli/cli.c.o
Building C object CMakeFiles/kiibohd.elf.dir/Debug/led/led.c.o
[ 95%] Building C object CMakeFiles/kiibohd.elf.dir/Debug/print/print.c.o
Linking C executable kiibohd.elf
Create and sign dfu bin file:  kiibohd.dfu.bin
Creating Extended Listing:     kiibohd.lss
Creating Symbol Table:         kiibohd.sym
[ 95%] Built target kiibohd.elf
Linking C executable kiibohd.elf
Scanning dependencies of target SizeAfter
[100%] Chip usage for mk20dx256vlh7
	[1m SRAM[m: 	[1;32m14%[m 	9720/65536	bytes
	[1mFlash[m: 	[1;32m17%[m 	43344/253952	bytes
[100%] Built target SizeAfter
+ RETVAL=0
+ set +x
Create and sign dfu bin file:  kiibohd.dfu.bin
Creating Extended Listing:     kiibohd.lss
Creating Symbol Table:         kiibohd.sym
[ 95%] Built target kiibohd.elf
Scanning dependencies of target SizeAfter
[100%] Chip usage for mk20dx256vlh7
	[1m SRAM[m: 	[1;32m14%[m 	9556/65536	bytes
	[1mFlash[m: 	[1;32m16%[m 	43008/253952	bytes
[100%] Built target SizeAfter
+ RETVAL=0
+ set +x
/srv/KiiConf/tmp/818db68387a9f1fb29bc3cf822f98ad9
